{"D:\\NEHA SINGH\\Github Project\\Food Villa\\src\\components\\Contact.js": {"path":"D:\\NEHA SINGH\\Github Project\\Food Villa\\src\\components\\Contact.js","statementMap":{"0":{"start":{"line":4,"column":16},"end":{"line":12,"column":1}},"1":{"start":{"line":5,"column":26},"end":{"line":5,"column":49}},"2":{"start":{"line":6,"column":1},"end":{"line":11,"column":4}}},"fnMap":{"0":{"name":"(anonymous_0)","decl":{"start":{"line":4,"column":16},"end":{"line":4,"column":17}},"loc":{"start":{"line":4,"column":22},"end":{"line":12,"column":1}},"line":4}},"branchMap":{},"s":{"0":1,"1":1,"2":1},"f":{"0":1},"b":{},"_coverageSchema":"1a1c01bbd47fc00a2c39e90264f33305004495a9","hash":"cc62f48515a9f0d30676bacf174a15e9c54ce66c"}
,"D:\\NEHA SINGH\\Github Project\\Food Villa\\src\\components\\sum.js": {"path":"D:\\NEHA SINGH\\Github Project\\Food Villa\\src\\components\\sum.js","statementMap":{"0":{"start":{"line":1,"column":19},"end":{"line":3,"column":1}},"1":{"start":{"line":2,"column":4},"end":{"line":2,"column":15}}},"fnMap":{"0":{"name":"(anonymous_0)","decl":{"start":{"line":1,"column":19},"end":{"line":1,"column":20}},"loc":{"start":{"line":1,"column":29},"end":{"line":3,"column":1}},"line":1}},"branchMap":{},"s":{"0":1,"1":1},"f":{"0":1},"b":{},"_coverageSchema":"1a1c01bbd47fc00a2c39e90264f33305004495a9","hash":"c0d07fec6e20083ecdb8cf788a9d4f4eee324ff4"}
,"D:\\NEHA SINGH\\Github Project\\Food Villa\\src\\utils\\UserContext.js": {"path":"D:\\NEHA SINGH\\Github Project\\Food Villa\\src\\utils\\UserContext.js","statementMap":{"0":{"start":{"line":3,"column":20},"end":{"line":5,"column":2}}},"fnMap":{},"branchMap":{},"s":{"0":1},"f":{},"b":{},"_coverageSchema":"1a1c01bbd47fc00a2c39e90264f33305004495a9","hash":"1058ffec5c50f231be93aaf78f930e1f66631699"}
}
